<?xml version="1.0" encoding="UTF-8"?>
<!-- Generated by org.testng.reporters.JUnitReportReporter -->
<testsuite hostname="NAG1-LHP-41421" name="tests.CreateRepositoryTest" tests="3" failures="0" timestamp="28 Dec 2017 15:31:52 GMT" time="75.580" errors="0">
  <testcase name="dCreateRepositoryButtonDisabled" time="5.490" classname="tests.CreateRepositoryTest"/>
  <testcase name="eCreateRepositoryTest" time="4.874" classname="tests.CreateRepositoryTest"/>
  <testcase name="eCreateRepositoryTest" time="65.216" classname="tests.CreateRepositoryTest"/>
</testsuite> <!-- tests.CreateRepositoryTest -->
