<?xml version="1.0" encoding="UTF-8"?>
<!-- Generated by org.testng.reporters.JUnitReportReporter -->
<testsuite hostname="NAG1-LHP-41421" name="tests.CreateGistTest" tests="2" failures="0" timestamp="28 Dec 2017 15:31:52 GMT" time="12.816" errors="0">
  <testcase name="bCreatePublicGistButtonDisabled" time="4.926" classname="tests.CreateGistTest"/>
  <testcase name="cCreatePublicGistTest" time="7.890" classname="tests.CreateGistTest"/>
</testsuite> <!-- tests.CreateGistTest -->
