<?xml version="1.0" encoding="UTF-8"?>
<!-- Generated by org.testng.reporters.JUnitReportReporter -->
<testsuite hostname="NAG1-LHP-41421" name="tests.LoginTest" tests="2" failures="0" timestamp="28 Dec 2017 15:31:52 GMT" time="136.861" errors="0">
  <testcase name="aLoginTest" time="8.745" classname="tests.LoginTest"/>
  <testcase name="aLoginTest" time="128.116" classname="tests.LoginTest"/>
</testsuite> <!-- tests.LoginTest -->
